  [1m[36m (0.9ms)[0m  [1mCREATE TABLE "schema_migrations" ("version" varchar(255) NOT NULL) [0m
  [1m[35m (0.1ms)[0m  select sqlite_version(*)
  [1m[36m (0.8ms)[0m  [1mCREATE UNIQUE INDEX "unique_schema_migrations" ON "schema_migrations" ("version")[0m
  [1m[35mActiveRecord::SchemaMigration Load (0.1ms)[0m  SELECT "schema_migrations".* FROM "schema_migrations"
Migrating to CreateStatuses (20150309164129)
  [1m[36m (0.0ms)[0m  [1mbegin transaction[0m
  [1m[35m (0.3ms)[0m  CREATE TABLE "statuses" ("id" INTEGER PRIMARY KEY AUTOINCREMENT NOT NULL, "name" varchar(255), "content" text, "created_at" datetime, "updated_at" datetime) 
  [1m[36mSQL (0.1ms)[0m  [1mINSERT INTO "schema_migrations" ("version") VALUES (?)[0m  [["version", "20150309164129"]]
  [1m[35m (0.8ms)[0m  commit transaction
  [1m[36mActiveRecord::SchemaMigration Load (0.1ms)[0m  [1mSELECT "schema_migrations".* FROM "schema_migrations"[0m
  [1m[36mActiveRecord::SchemaMigration Load (0.1ms)[0m  [1mSELECT "schema_migrations".* FROM "schema_migrations"[0m
Migrating to DeviseCreateUsers (20150310163420)
  [1m[35m (0.1ms)[0m  begin transaction
  [1m[36m (0.4ms)[0m  [1mCREATE TABLE "users" ("id" INTEGER PRIMARY KEY AUTOINCREMENT NOT NULL, "first_name" varchar(255), "last_name" varchar(255), "profile_name" varchar(255), "email" varchar(255) DEFAULT '' NOT NULL, "encrypted_password" varchar(255) DEFAULT '' NOT NULL, "reset_password_token" varchar(255), "reset_password_sent_at" datetime, "remember_created_at" datetime, "sign_in_count" integer DEFAULT 0 NOT NULL, "current_sign_in_at" datetime, "last_sign_in_at" datetime, "current_sign_in_ip" varchar(255), "last_sign_in_ip" varchar(255), "created_at" datetime, "updated_at" datetime) [0m
  [1m[35m (0.1ms)[0m  select sqlite_version(*)
  [1m[36m (0.9ms)[0m  [1mCREATE UNIQUE INDEX "index_users_on_email" ON "users" ("email")[0m
  [1m[35m (0.1ms)[0m              SELECT sql
            FROM sqlite_master
            WHERE name='index_users_on_email' AND type='index'
            UNION ALL
            SELECT sql
            FROM sqlite_temp_master
            WHERE name='index_users_on_email' AND type='index'

  [1m[36m (0.1ms)[0m  [1mCREATE UNIQUE INDEX "index_users_on_reset_password_token" ON "users" ("reset_password_token")[0m
  [1m[35mSQL (0.1ms)[0m  INSERT INTO "schema_migrations" ("version") VALUES (?)  [["version", "20150310163420"]]
  [1m[36m (0.9ms)[0m  [1mcommit transaction[0m
  [1m[35mActiveRecord::SchemaMigration Load (0.1ms)[0m  SELECT "schema_migrations".* FROM "schema_migrations"
  [1m[36m (0.1ms)[0m  [1m            SELECT sql
            FROM sqlite_master
            WHERE name='index_users_on_reset_password_token' AND type='index'
            UNION ALL
            SELECT sql
            FROM sqlite_temp_master
            WHERE name='index_users_on_reset_password_token' AND type='index'
[0m
  [1m[35m (0.1ms)[0m              SELECT sql
            FROM sqlite_master
            WHERE name='index_users_on_email' AND type='index'
            UNION ALL
            SELECT sql
            FROM sqlite_temp_master
            WHERE name='index_users_on_email' AND type='index'



Started GET "/" for ::1 at 2015-03-11 11:18:43 +0100
  [1m[36mActiveRecord::SchemaMigration Load (0.5ms)[0m  [1mSELECT "schema_migrations".* FROM "schema_migrations"[0m
Processing by StatusesController#index as HTML
  [1m[35mStatus Load (0.6ms)[0m  SELECT "statuses".* FROM "statuses"
  Rendered statuses/index.html.erb within layouts/application (14.8ms)
Completed 200 OK in 1327ms (Views: 1315.1ms | ActiveRecord: 0.9ms)


Started GET "/assets/bootstrap.css?body=1" for ::1 at 2015-03-11 11:18:45 +0100


Started GET "/assets/application.css?body=1" for ::1 at 2015-03-11 11:18:45 +0100


Started GET "/assets/statuses.css?body=1" for ::1 at 2015-03-11 11:18:45 +0100


Started GET "/assets/jquery.js?body=1" for ::1 at 2015-03-11 11:18:45 +0100


Started GET "/assets/scaffolds.css?body=1" for ::1 at 2015-03-11 11:18:45 +0100


Started GET "/assets/bootstrap.js?body=1" for ::1 at 2015-03-11 11:18:45 +0100


Started GET "/assets/application.js?body=1" for ::1 at 2015-03-11 11:18:45 +0100


Started GET "/assets/jquery_ujs.js?body=1" for ::1 at 2015-03-11 11:18:45 +0100


Started GET "/assets/statuses.js?body=1" for ::1 at 2015-03-11 11:18:45 +0100


Started GET "/assets/turbolinks.js?body=1" for ::1 at 2015-03-11 11:18:45 +0100


Started GET "/users/sign_in" for ::1 at 2015-03-11 11:19:24 +0100
Processing by Devise::SessionsController#new as HTML
  Rendered /Users/admin/.rvm/gems/ruby-2.1.2/gems/devise-3.4.1/app/views/devise/shared/_links.html.erb (8.1ms)
  Rendered /Users/admin/.rvm/gems/ruby-2.1.2/gems/devise-3.4.1/app/views/devise/sessions/new.html.erb within layouts/application (37.0ms)
Completed 200 OK in 111ms (Views: 92.4ms | ActiveRecord: 0.3ms)


Started GET "/assets/bootstrap.css?body=1" for ::1 at 2015-03-11 11:19:24 +0100


Started GET "/assets/scaffolds.css?body=1" for ::1 at 2015-03-11 11:19:24 +0100


Started GET "/assets/jquery_ujs.js?body=1" for ::1 at 2015-03-11 11:19:24 +0100


Started GET "/assets/statuses.css?body=1" for ::1 at 2015-03-11 11:19:24 +0100


Started GET "/assets/application.css?body=1" for ::1 at 2015-03-11 11:19:24 +0100


Started GET "/assets/jquery.js?body=1" for ::1 at 2015-03-11 11:19:24 +0100


Started GET "/assets/turbolinks.js?body=1" for ::1 at 2015-03-11 11:19:24 +0100


Started GET "/assets/bootstrap.js?body=1" for ::1 at 2015-03-11 11:19:24 +0100


Started GET "/assets/statuses.js?body=1" for ::1 at 2015-03-11 11:19:24 +0100


Started GET "/assets/application.js?body=1" for ::1 at 2015-03-11 11:19:24 +0100


Started POST "/users/sign_in" for ::1 at 2015-03-11 11:19:30 +0100
Processing by Devise::SessionsController#create as HTML
  Parameters: {"utf8"=>"✓", "authenticity_token"=>"QPnRNclyWW7VvzmgTaJHEmu8HKKcCSshlU/kaSHhR848Ce+wIXh126WqxodAcvjw2V+TlDnuTQ9dYjc9NBuqxQ==", "user"=>{"email"=>"kilinkala@gmail.com", "password"=>"[FILTERED]", "remember_me"=>"0"}, "commit"=>"Log in"}
  [1m[36mUser Load (1.4ms)[0m  [1mSELECT  "users".* FROM "users" WHERE "users"."email" = ?  ORDER BY "users"."id" ASC LIMIT 1[0m  [["email", "kilinkala@gmail.com"]]
Completed 401 Unauthorized in 11ms
Processing by Devise::SessionsController#new as HTML
  Parameters: {"utf8"=>"✓", "authenticity_token"=>"QPnRNclyWW7VvzmgTaJHEmu8HKKcCSshlU/kaSHhR848Ce+wIXh126WqxodAcvjw2V+TlDnuTQ9dYjc9NBuqxQ==", "user"=>{"email"=>"kilinkala@gmail.com", "password"=>"[FILTERED]", "remember_me"=>"0"}, "commit"=>"Log in"}
  Rendered /Users/admin/.rvm/gems/ruby-2.1.2/gems/devise-3.4.1/app/views/devise/shared/_links.html.erb (3.2ms)
  Rendered /Users/admin/.rvm/gems/ruby-2.1.2/gems/devise-3.4.1/app/views/devise/sessions/new.html.erb within layouts/application (8.2ms)
Completed 200 OK in 141ms (Views: 62.0ms | ActiveRecord: 0.0ms)


Started GET "/assets/bootstrap.css?body=1" for ::1 at 2015-03-11 11:19:30 +0100


Started GET "/assets/jquery.js?body=1" for ::1 at 2015-03-11 11:19:30 +0100


Started GET "/assets/application.css?body=1" for ::1 at 2015-03-11 11:19:30 +0100


Started GET "/assets/scaffolds.css?body=1" for ::1 at 2015-03-11 11:19:30 +0100


Started GET "/assets/statuses.css?body=1" for ::1 at 2015-03-11 11:19:30 +0100


Started GET "/assets/jquery_ujs.js?body=1" for ::1 at 2015-03-11 11:19:30 +0100


Started GET "/assets/turbolinks.js?body=1" for ::1 at 2015-03-11 11:19:30 +0100


Started GET "/assets/bootstrap.js?body=1" for ::1 at 2015-03-11 11:19:30 +0100


Started GET "/assets/statuses.js?body=1" for ::1 at 2015-03-11 11:19:30 +0100


Started GET "/assets/application.js?body=1" for ::1 at 2015-03-11 11:19:30 +0100


Started GET "/users/sign_in" for ::1 at 2015-03-11 11:19:33 +0100
Processing by Devise::SessionsController#new as HTML
  Rendered /Users/admin/.rvm/gems/ruby-2.1.2/gems/devise-3.4.1/app/views/devise/shared/_links.html.erb (4.5ms)
  Rendered /Users/admin/.rvm/gems/ruby-2.1.2/gems/devise-3.4.1/app/views/devise/sessions/new.html.erb within layouts/application (10.9ms)
Completed 200 OK in 56ms (Views: 54.5ms | ActiveRecord: 0.0ms)
  [1m[36mActiveRecord::SchemaMigration Load (0.1ms)[0m  [1mSELECT "schema_migrations".* FROM "schema_migrations"[0m
  [1m[35mActiveRecord::SchemaMigration Load (0.1ms)[0m  SELECT "schema_migrations".* FROM "schema_migrations"
  [1m[36m (0.1ms)[0m  [1m            SELECT sql
            FROM sqlite_master
            WHERE name='index_users_on_reset_password_token' AND type='index'
            UNION ALL
            SELECT sql
            FROM sqlite_temp_master
            WHERE name='index_users_on_reset_password_token' AND type='index'
[0m
  [1m[35m (0.1ms)[0m              SELECT sql
            FROM sqlite_master
            WHERE name='index_users_on_email' AND type='index'
            UNION ALL
            SELECT sql
            FROM sqlite_temp_master
            WHERE name='index_users_on_email' AND type='index'

  [1m[36mActiveRecord::SchemaMigration Load (0.1ms)[0m  [1mSELECT "schema_migrations".* FROM "schema_migrations"[0m
  [1m[35mActiveRecord::SchemaMigration Load (0.1ms)[0m  SELECT "schema_migrations".* FROM "schema_migrations"
  [1m[36m (0.1ms)[0m  [1m            SELECT sql
            FROM sqlite_master
            WHERE name='index_users_on_reset_password_token' AND type='index'
            UNION ALL
            SELECT sql
            FROM sqlite_temp_master
            WHERE name='index_users_on_reset_password_token' AND type='index'
[0m
  [1m[35m (0.1ms)[0m              SELECT sql
            FROM sqlite_master
            WHERE name='index_users_on_email' AND type='index'
            UNION ALL
            SELECT sql
            FROM sqlite_temp_master
            WHERE name='index_users_on_email' AND type='index'



Started GET "/users/sign_up" for ::1 at 2015-03-11 12:47:25 +0100
  [1m[36mActiveRecord::SchemaMigration Load (0.3ms)[0m  [1mSELECT "schema_migrations".* FROM "schema_migrations"[0m
Processing by Devise::RegistrationsController#new as HTML
  Rendered devise/shared/_links.html.erb (4.3ms)
  Rendered devise/registrations/new.html.erb within layouts/application (30.7ms)
Completed 200 OK in 160ms (Views: 138.8ms | ActiveRecord: 0.4ms)


Started GET "/assets/statuses.css?body=1" for ::1 at 2015-03-11 12:47:25 +0100


Started GET "/assets/scaffolds.css?body=1" for ::1 at 2015-03-11 12:47:25 +0100


Started GET "/assets/bootstrap.css?body=1" for ::1 at 2015-03-11 12:47:25 +0100


Started GET "/assets/jquery_ujs.js?body=1" for ::1 at 2015-03-11 12:47:25 +0100


Started GET "/assets/application.css?body=1" for ::1 at 2015-03-11 12:47:25 +0100


Started GET "/assets/jquery.js?body=1" for ::1 at 2015-03-11 12:47:25 +0100


Started GET "/assets/turbolinks.js?body=1" for ::1 at 2015-03-11 12:47:25 +0100


Started GET "/assets/bootstrap.js?body=1" for ::1 at 2015-03-11 12:47:25 +0100


Started GET "/assets/statuses.js?body=1" for ::1 at 2015-03-11 12:47:25 +0100


Started GET "/assets/application.js?body=1" for ::1 at 2015-03-11 12:47:25 +0100


Started POST "/users" for ::1 at 2015-03-11 12:47:57 +0100
Processing by Devise::RegistrationsController#create as HTML
  Parameters: {"utf8"=>"✓", "authenticity_token"=>"2ewEoDIdqQpqOy8Ir2SJHKmKgCZ82ogX52OfkBQ8YbSlHDol2heFvxou0C+itDb+G2kPENk97jkvTkzEAcaMvw==", "user"=>{"first_name"=>"Luis", "last_name"=>"Baliño", "profile_name"=>"prueba", "email"=>"kilinkala@gmail.com", "password"=>"[FILTERED]", "password_confirmation"=>"[FILTERED]"}, "commit"=>"Sign up"}
Unpermitted parameters: first_name, last_name, profile_name
  [1m[35m (0.1ms)[0m  begin transaction
  [1m[36mUser Exists (0.2ms)[0m  [1mSELECT  1 AS one FROM "users" WHERE "users"."email" = 'kilinkala@gmail.com' LIMIT 1[0m
  [1m[35mSQL (1.1ms)[0m  INSERT INTO "users" ("email", "encrypted_password", "created_at", "updated_at") VALUES (?, ?, ?, ?)  [["email", "kilinkala@gmail.com"], ["encrypted_password", "$2a$10$UAAI20vS2fjvsi9CyGh21uA7HF1PHNRrh4rGxK.H0SIH5LOekxU4S"], ["created_at", "2015-03-11 11:47:57.851296"], ["updated_at", "2015-03-11 11:47:57.851296"]]
  [1m[36m (2.9ms)[0m  [1mcommit transaction[0m
  [1m[35m (0.2ms)[0m  begin transaction
  [1m[36mSQL (0.4ms)[0m  [1mUPDATE "users" SET "last_sign_in_at" = ?, "current_sign_in_at" = ?, "last_sign_in_ip" = ?, "current_sign_in_ip" = ?, "sign_in_count" = ?, "updated_at" = ? WHERE "users"."id" = ?[0m  [["last_sign_in_at", "2015-03-11 11:47:57.861964"], ["current_sign_in_at", "2015-03-11 11:47:57.861964"], ["last_sign_in_ip", "::1"], ["current_sign_in_ip", "::1"], ["sign_in_count", 1], ["updated_at", "2015-03-11 11:47:57.864264"], ["id", 1]]
  [1m[35m (1.9ms)[0m  commit transaction
Redirected to http://localhost:3000/
Completed 302 Found in 144ms (ActiveRecord: 6.8ms)


Started GET "/" for ::1 at 2015-03-11 12:47:57 +0100
Processing by StatusesController#index as HTML
  [1m[36mStatus Load (0.2ms)[0m  [1mSELECT "statuses".* FROM "statuses"[0m
  Rendered statuses/index.html.erb within layouts/application (8.6ms)
Completed 200 OK in 98ms (Views: 95.2ms | ActiveRecord: 0.5ms)


Started GET "/assets/bootstrap.css?body=1" for ::1 at 2015-03-11 12:47:58 +0100


Started GET "/assets/jquery_ujs.js?body=1" for ::1 at 2015-03-11 12:47:58 +0100


Started GET "/assets/application.css?body=1" for ::1 at 2015-03-11 12:47:58 +0100


Started GET "/assets/scaffolds.css?body=1" for ::1 at 2015-03-11 12:47:58 +0100


Started GET "/assets/statuses.css?body=1" for ::1 at 2015-03-11 12:47:58 +0100


Started GET "/assets/jquery.js?body=1" for ::1 at 2015-03-11 12:47:58 +0100


Started GET "/assets/turbolinks.js?body=1" for ::1 at 2015-03-11 12:47:58 +0100


Started GET "/assets/bootstrap.js?body=1" for ::1 at 2015-03-11 12:47:58 +0100


Started GET "/assets/statuses.js?body=1" for ::1 at 2015-03-11 12:47:58 +0100


Started GET "/assets/application.js?body=1" for ::1 at 2015-03-11 12:47:58 +0100


Started GET "/" for ::1 at 2015-03-11 12:55:49 +0100
Processing by StatusesController#index as HTML
  [1m[35mStatus Load (0.2ms)[0m  SELECT "statuses".* FROM "statuses"
  Rendered statuses/index.html.erb within layouts/application (1.3ms)
Completed 500 Internal Server Error in 101ms

ActionView::Template::Error (SyntaxError: [stdin]:7:17: reserved word 'function'
  (in /Users/admin/ruby/projects/treebook/app/assets/javascripts/statuses.js.coffee)):
    4: <head>
    5:   <title>Treebook</title>
    6:   <%= stylesheet_link_tag    'application', media: 'all', 'data-turbolinks-track' => true %>
    7:   <%= javascript_include_tag 'application', 'data-turbolinks-track' => true %>
    8:   <%= csrf_meta_tags %>
    9: </head>
   10: 
  app/views/layouts/application.html.erb:7:in `_app_views_layouts_application_html_erb___2633992271801631492_70153120016820'


  Rendered /Users/admin/.rvm/gems/ruby-2.1.2/gems/actionpack-4.2.0/lib/action_dispatch/middleware/templates/rescues/_source.erb (10.4ms)
  Rendered /Users/admin/.rvm/gems/ruby-2.1.2/gems/actionpack-4.2.0/lib/action_dispatch/middleware/templates/rescues/_trace.html.erb (3.1ms)
  Rendered /Users/admin/.rvm/gems/ruby-2.1.2/gems/actionpack-4.2.0/lib/action_dispatch/middleware/templates/rescues/_request_and_response.html.erb (0.8ms)
  Rendered /Users/admin/.rvm/gems/ruby-2.1.2/gems/actionpack-4.2.0/lib/action_dispatch/middleware/templates/rescues/template_error.html.erb within rescues/layout (25.1ms)


Started GET "/" for ::1 at 2015-03-11 12:56:31 +0100
Processing by StatusesController#index as HTML
  [1m[36mStatus Load (0.2ms)[0m  [1mSELECT "statuses".* FROM "statuses"[0m
  Rendered statuses/index.html.erb within layouts/application (1.4ms)
Completed 500 Internal Server Error in 68ms

ActionView::Template::Error (SyntaxError: [stdin]:6:17: reserved word 'function'
  (in /Users/admin/ruby/projects/treebook/app/assets/javascripts/statuses.js.coffee)):
    4: <head>
    5:   <title>Treebook</title>
    6:   <%= stylesheet_link_tag    'application', media: 'all', 'data-turbolinks-track' => true %>
    7:   <%= javascript_include_tag 'application', 'data-turbolinks-track' => true %>
    8:   <%= csrf_meta_tags %>
    9: </head>
   10: 
  app/views/layouts/application.html.erb:7:in `_app_views_layouts_application_html_erb___2633992271801631492_70153120016820'


  Rendered /Users/admin/.rvm/gems/ruby-2.1.2/gems/actionpack-4.2.0/lib/action_dispatch/middleware/templates/rescues/_source.erb (9.8ms)
  Rendered /Users/admin/.rvm/gems/ruby-2.1.2/gems/actionpack-4.2.0/lib/action_dispatch/middleware/templates/rescues/_trace.html.erb (3.2ms)
  Rendered /Users/admin/.rvm/gems/ruby-2.1.2/gems/actionpack-4.2.0/lib/action_dispatch/middleware/templates/rescues/_request_and_response.html.erb (0.8ms)
  Rendered /Users/admin/.rvm/gems/ruby-2.1.2/gems/actionpack-4.2.0/lib/action_dispatch/middleware/templates/rescues/template_error.html.erb within rescues/layout (24.6ms)


Started GET "/" for ::1 at 2015-03-11 12:58:08 +0100
Processing by StatusesController#index as HTML
  [1m[35mStatus Load (0.2ms)[0m  SELECT "statuses".* FROM "statuses"
  Rendered statuses/index.html.erb within layouts/application (1.5ms)
Completed 200 OK in 59ms (Views: 58.1ms | ActiveRecord: 0.2ms)


Started GET "/assets/bootstrap.css?body=1" for ::1 at 2015-03-11 12:58:08 +0100


Started GET "/assets/scaffolds.css?body=1" for ::1 at 2015-03-11 12:58:08 +0100


Started GET "/assets/jquery.js?body=1" for ::1 at 2015-03-11 12:58:08 +0100


Started GET "/assets/jquery_ujs.js?body=1" for ::1 at 2015-03-11 12:58:08 +0100


Started GET "/assets/application.css?body=1" for ::1 at 2015-03-11 12:58:08 +0100


Started GET "/assets/statuses.css?body=1" for ::1 at 2015-03-11 12:58:08 +0100


Started GET "/assets/turbolinks.js?body=1" for ::1 at 2015-03-11 12:58:08 +0100


Started GET "/assets/bootstrap.js?body=1" for ::1 at 2015-03-11 12:58:08 +0100


Started GET "/assets/statuses.js?body=1" for ::1 at 2015-03-11 12:58:08 +0100


Started GET "/assets/application.js?body=1" for ::1 at 2015-03-11 12:58:08 +0100
  [1m[36m (0.9ms)[0m  [1mCREATE TABLE "schema_migrations" ("version" varchar NOT NULL) [0m
  [1m[35m (0.1ms)[0m  select sqlite_version(*)
  [1m[36m (0.9ms)[0m  [1mCREATE UNIQUE INDEX "unique_schema_migrations" ON "schema_migrations" ("version")[0m
  [1m[35mActiveRecord::SchemaMigration Load (0.1ms)[0m  SELECT "schema_migrations".* FROM "schema_migrations"
Migrating to CreateStatuses (20150309164129)
  [1m[36m (0.1ms)[0m  [1mbegin transaction[0m
DEPRECATION WARNING: `#timestamp` was called without specifying an option for `null`. In Rails 5, this behavior will change to `null: false`. You should manually specify `null: true` to prevent the behavior of your existing migrations from changing. (called from block in change at /Users/admin/ruby/projects/treebook/db/migrate/20150309164129_create_statuses.rb:7)
  [1m[35m (0.4ms)[0m  CREATE TABLE "statuses" ("id" INTEGER PRIMARY KEY AUTOINCREMENT NOT NULL, "name" varchar, "content" text, "created_at" datetime, "updated_at" datetime) 
  [1m[36mSQL (0.2ms)[0m  [1mINSERT INTO "schema_migrations" ("version") VALUES (?)[0m  [["version", "20150309164129"]]
  [1m[35m (0.7ms)[0m  commit transaction
Migrating to DeviseCreateUsers (20150310163420)
  [1m[36m (0.1ms)[0m  [1mbegin transaction[0m
DEPRECATION WARNING: `#timestamp` was called without specifying an option for `null`. In Rails 5, this behavior will change to `null: false`. You should manually specify `null: true` to prevent the behavior of your existing migrations from changing. (called from block in change at /Users/admin/ruby/projects/treebook/db/migrate/20150310163420_devise_create_users.rb:39)
  [1m[35m (0.4ms)[0m  CREATE TABLE "users" ("id" INTEGER PRIMARY KEY AUTOINCREMENT NOT NULL, "first_name" varchar, "last_name" varchar, "profile_name" varchar, "email" varchar DEFAULT '' NOT NULL, "encrypted_password" varchar DEFAULT '' NOT NULL, "reset_password_token" varchar, "reset_password_sent_at" datetime, "remember_created_at" datetime, "sign_in_count" integer DEFAULT 0 NOT NULL, "current_sign_in_at" datetime, "last_sign_in_at" datetime, "current_sign_in_ip" varchar, "last_sign_in_ip" varchar, "created_at" datetime, "updated_at" datetime) 
  [1m[36m (0.9ms)[0m  [1mCREATE UNIQUE INDEX "index_users_on_email" ON "users" ("email")[0m
  [1m[35m (0.1ms)[0m              SELECT sql
            FROM sqlite_master
            WHERE name='index_users_on_email' AND type='index'
            UNION ALL
            SELECT sql
            FROM sqlite_temp_master
            WHERE name='index_users_on_email' AND type='index'

  [1m[36m (0.1ms)[0m  [1mCREATE UNIQUE INDEX "index_users_on_reset_password_token" ON "users" ("reset_password_token")[0m
  [1m[35mSQL (0.1ms)[0m  INSERT INTO "schema_migrations" ("version") VALUES (?)  [["version", "20150310163420"]]
  [1m[36m (0.9ms)[0m  [1mcommit transaction[0m
  [1m[35mActiveRecord::SchemaMigration Load (0.1ms)[0m  SELECT "schema_migrations".* FROM "schema_migrations"
  [1m[36m (0.1ms)[0m  [1m            SELECT sql
            FROM sqlite_master
            WHERE name='index_users_on_reset_password_token' AND type='index'
            UNION ALL
            SELECT sql
            FROM sqlite_temp_master
            WHERE name='index_users_on_reset_password_token' AND type='index'
[0m
  [1m[35m (0.1ms)[0m              SELECT sql
            FROM sqlite_master
            WHERE name='index_users_on_email' AND type='index'
            UNION ALL
            SELECT sql
            FROM sqlite_temp_master
            WHERE name='index_users_on_email' AND type='index'



Started GET "/" for ::1 at 2015-03-11 15:53:33 +0100
Processing by StatusesController#index as HTML
  [1m[36mStatus Load (0.3ms)[0m  [1mSELECT "statuses".* FROM "statuses"[0m
  Rendered statuses/index.html.erb within layouts/application (1.6ms)
Completed 200 OK in 52ms (Views: 49.5ms | ActiveRecord: 0.4ms)


Started GET "/assets/bootstrap.css?body=1" for ::1 at 2015-03-11 15:53:33 +0100


Started GET "/assets/statuses.css?body=1" for ::1 at 2015-03-11 15:53:33 +0100


Started GET "/assets/application.css?body=1" for ::1 at 2015-03-11 15:53:33 +0100


Started GET "/assets/jquery_ujs.js?body=1" for ::1 at 2015-03-11 15:53:33 +0100


Started GET "/assets/scaffolds.css?body=1" for ::1 at 2015-03-11 15:53:33 +0100


Started GET "/assets/jquery.js?body=1" for ::1 at 2015-03-11 15:53:33 +0100


Started GET "/assets/turbolinks.js?body=1" for ::1 at 2015-03-11 15:53:33 +0100


Started GET "/assets/bootstrap.js?body=1" for ::1 at 2015-03-11 15:53:33 +0100


Started GET "/assets/statuses.js?body=1" for ::1 at 2015-03-11 15:53:34 +0100


Started GET "/assets/application.js?body=1" for ::1 at 2015-03-11 15:53:34 +0100


Started GET "/statuses/new" for ::1 at 2015-03-11 15:53:37 +0100
Processing by StatusesController#new as HTML
  Rendered statuses/_form.html.erb (3.0ms)
  Rendered statuses/new.html.erb within layouts/application (4.2ms)
Completed 200 OK in 58ms (Views: 53.6ms | ActiveRecord: 0.2ms)


Started POST "/statuses" for ::1 at 2015-03-11 15:53:47 +0100
Processing by StatusesController#create as HTML
  Parameters: {"utf8"=>"✓", "authenticity_token"=>"rqeCurNxEr10nj+szxHx9c08qlwRk3hTXj792EOq9/DSV7w/W3s+CASLwIvCwU4Xf98larR0Hn2WEy6MVlAa+w==", "status"=>{"name"=>"Luis", "content"=>"un nuevo estado"}, "commit"=>"Create Status"}
  [1m[35m (0.1ms)[0m  begin transaction
  [1m[36mSQL (0.3ms)[0m  [1mINSERT INTO "statuses" ("name", "content", "created_at", "updated_at") VALUES (?, ?, ?, ?)[0m  [["name", "Luis"], ["content", "un nuevo estado"], ["created_at", "2015-03-11 14:53:47.465672"], ["updated_at", "2015-03-11 14:53:47.465672"]]
  [1m[35m (0.7ms)[0m  commit transaction
Redirected to http://localhost:3000/statuses/1
Completed 302 Found in 6ms (ActiveRecord: 1.1ms)


Started GET "/statuses/1" for ::1 at 2015-03-11 15:53:47 +0100
Processing by StatusesController#show as HTML
  Parameters: {"id"=>"1"}
  [1m[36mStatus Load (0.2ms)[0m  [1mSELECT  "statuses".* FROM "statuses" WHERE "statuses"."id" = ? LIMIT 1[0m  [["id", 1]]
  Rendered statuses/show.html.erb within layouts/application (2.9ms)
Completed 200 OK in 104ms (Views: 99.3ms | ActiveRecord: 0.2ms)


Started GET "/assets/bootstrap.css?body=1" for ::1 at 2015-03-11 15:53:47 +0100


Started GET "/assets/scaffolds.css?body=1" for ::1 at 2015-03-11 15:53:47 +0100


Started GET "/assets/statuses.css?body=1" for ::1 at 2015-03-11 15:53:47 +0100


Started GET "/assets/jquery.js?body=1" for ::1 at 2015-03-11 15:53:47 +0100


Started GET "/assets/application.css?body=1" for ::1 at 2015-03-11 15:53:47 +0100


Started GET "/assets/jquery_ujs.js?body=1" for ::1 at 2015-03-11 15:53:47 +0100


Started GET "/assets/turbolinks.js?body=1" for ::1 at 2015-03-11 15:53:47 +0100


Started GET "/assets/bootstrap.js?body=1" for ::1 at 2015-03-11 15:53:47 +0100


Started GET "/assets/statuses.js?body=1" for ::1 at 2015-03-11 15:53:47 +0100


Started GET "/assets/application.js?body=1" for ::1 at 2015-03-11 15:53:47 +0100


Started GET "/statuses" for ::1 at 2015-03-11 15:53:50 +0100
Processing by StatusesController#index as HTML
  [1m[35mStatus Load (0.1ms)[0m  SELECT "statuses".* FROM "statuses"
  Rendered statuses/index.html.erb within layouts/application (1.7ms)
Completed 200 OK in 49ms (Views: 48.0ms | ActiveRecord: 0.1ms)


Started GET "/statuses/users/sign_up" for ::1 at 2015-03-11 15:53:55 +0100

ActionController::RoutingError (No route matches [GET] "/statuses/users/sign_up"):
  actionpack (4.2.0) lib/action_dispatch/middleware/debug_exceptions.rb:21:in `call'
  actionpack (4.2.0) lib/action_dispatch/middleware/show_exceptions.rb:30:in `call'
  railties (4.2.0) lib/rails/rack/logger.rb:38:in `call_app'
  railties (4.2.0) lib/rails/rack/logger.rb:20:in `block in call'
  activesupport (4.2.0) lib/active_support/tagged_logging.rb:68:in `block in tagged'
  activesupport (4.2.0) lib/active_support/tagged_logging.rb:26:in `tagged'
  activesupport (4.2.0) lib/active_support/tagged_logging.rb:68:in `tagged'
  railties (4.2.0) lib/rails/rack/logger.rb:20:in `call'
  actionpack (4.2.0) lib/action_dispatch/middleware/request_id.rb:21:in `call'
  rack (1.6.0) lib/rack/methodoverride.rb:22:in `call'
  rack (1.6.0) lib/rack/runtime.rb:18:in `call'
  activesupport (4.2.0) lib/active_support/cache/strategy/local_cache_middleware.rb:28:in `call'
  rack (1.6.0) lib/rack/lock.rb:17:in `call'
  actionpack (4.2.0) lib/action_dispatch/middleware/static.rb:113:in `call'
  rack (1.6.0) lib/rack/sendfile.rb:113:in `call'
  railties (4.2.0) lib/rails/engine.rb:518:in `call'
  railties (4.2.0) lib/rails/application.rb:164:in `call'
  rack (1.6.0) lib/rack/lock.rb:17:in `call'
  rack (1.6.0) lib/rack/content_length.rb:15:in `call'
  rack (1.6.0) lib/rack/handler/webrick.rb:89:in `service'
  /Users/admin/.rvm/rubies/ruby-2.1.2/lib/ruby/2.1.0/webrick/httpserver.rb:138:in `service'
  /Users/admin/.rvm/rubies/ruby-2.1.2/lib/ruby/2.1.0/webrick/httpserver.rb:94:in `run'
  /Users/admin/.rvm/rubies/ruby-2.1.2/lib/ruby/2.1.0/webrick/server.rb:295:in `block in start_thread'


  Rendered /Users/admin/.rvm/gems/ruby-2.1.2/gems/actionpack-4.2.0/lib/action_dispatch/middleware/templates/rescues/_trace.html.erb (1.7ms)
  Rendered /Users/admin/.rvm/gems/ruby-2.1.2/gems/actionpack-4.2.0/lib/action_dispatch/middleware/templates/routes/_route.html.erb (1.5ms)
  Rendered /Users/admin/.rvm/gems/ruby-2.1.2/gems/actionpack-4.2.0/lib/action_dispatch/middleware/templates/routes/_table.html.erb (2.0ms)
  Rendered /Users/admin/.rvm/gems/ruby-2.1.2/gems/actionpack-4.2.0/lib/action_dispatch/middleware/templates/rescues/_request_and_response.html.erb (1.3ms)
  Rendered /Users/admin/.rvm/gems/ruby-2.1.2/gems/actionpack-4.2.0/lib/action_dispatch/middleware/templates/rescues/routing_error.html.erb within rescues/layout (28.9ms)


Started GET "/users/sign_up" for ::1 at 2015-03-11 15:54:25 +0100
Processing by Devise::RegistrationsController#new as HTML
  [1m[36mUser Load (0.2ms)[0m  [1mSELECT  "users".* FROM "users" WHERE "users"."id" = ?  ORDER BY "users"."id" ASC LIMIT 1[0m  [["id", 1]]
  Rendered devise/shared/_links.html.erb (2.1ms)
  Rendered devise/registrations/new.html.erb within layouts/application (7.7ms)
Completed 200 OK in 80ms (Views: 67.2ms | ActiveRecord: 0.4ms)


Started GET "/assets/bootstrap.css?body=1" for ::1 at 2015-03-11 15:54:25 +0100


Started GET "/assets/application.css?body=1" for ::1 at 2015-03-11 15:54:25 +0100


Started GET "/assets/statuses.css?body=1" for ::1 at 2015-03-11 15:54:25 +0100


Started GET "/assets/scaffolds.css?body=1" for ::1 at 2015-03-11 15:54:25 +0100


Started GET "/assets/jquery.js?body=1" for ::1 at 2015-03-11 15:54:25 +0100


Started GET "/assets/jquery_ujs.js?body=1" for ::1 at 2015-03-11 15:54:25 +0100


Started GET "/assets/turbolinks.js?body=1" for ::1 at 2015-03-11 15:54:25 +0100


Started GET "/assets/bootstrap.js?body=1" for ::1 at 2015-03-11 15:54:25 +0100


Started GET "/assets/statuses.js?body=1" for ::1 at 2015-03-11 15:54:25 +0100


Started GET "/assets/application.js?body=1" for ::1 at 2015-03-11 15:54:25 +0100


Started POST "/users" for ::1 at 2015-03-11 15:54:43 +0100
Processing by Devise::RegistrationsController#create as HTML
  Parameters: {"utf8"=>"✓", "authenticity_token"=>"Yp6v6+Hofpw16FJqya+uYIWNBQ1O+orJvBr+bFc5Gp0ebpFuCeJSKUX9rU3EfxGCN26KO+sd7Od0Ny04QsP3lg==", "user"=>{"first_name"=>"Luis", "last_name"=>"Baliño", "profile_name"=>"prueba", "email"=>"kilinkala@gmail.com", "password"=>"[FILTERED]", "password_confirmation"=>"[FILTERED]"}, "commit"=>"Sign up"}
Unpermitted parameters: first_name, last_name, profile_name
  [1m[35m (0.1ms)[0m  begin transaction
  [1m[36mUser Exists (0.2ms)[0m  [1mSELECT  1 AS one FROM "users" WHERE "users"."email" = 'kilinkala@gmail.com' LIMIT 1[0m
  [1m[35mSQL (0.5ms)[0m  INSERT INTO "users" ("email", "encrypted_password", "created_at", "updated_at") VALUES (?, ?, ?, ?)  [["email", "kilinkala@gmail.com"], ["encrypted_password", "$2a$10$pqyET1s6zkFk71gt8yp7j.x/5r95dQhZ3gOAdx3B7nUy4NcpwDnNi"], ["created_at", "2015-03-11 14:54:44.005033"], ["updated_at", "2015-03-11 14:54:44.005033"]]
  [1m[36m (1.2ms)[0m  [1mcommit transaction[0m
  [1m[35m (0.1ms)[0m  begin transaction
  [1m[36mSQL (0.4ms)[0m  [1mUPDATE "users" SET "last_sign_in_at" = ?, "current_sign_in_at" = ?, "last_sign_in_ip" = ?, "current_sign_in_ip" = ?, "sign_in_count" = ?, "updated_at" = ? WHERE "users"."id" = ?[0m  [["last_sign_in_at", "2015-03-11 14:54:44.010131"], ["current_sign_in_at", "2015-03-11 14:54:44.010131"], ["last_sign_in_ip", "::1"], ["current_sign_in_ip", "::1"], ["sign_in_count", 1], ["updated_at", "2015-03-11 14:54:44.011667"], ["id", 1]]
  [1m[35m (0.7ms)[0m  commit transaction
Redirected to http://localhost:3000/
Completed 302 Found in 98ms (ActiveRecord: 3.2ms)


Started GET "/" for ::1 at 2015-03-11 15:54:44 +0100
Processing by StatusesController#index as HTML
  [1m[36mStatus Load (0.1ms)[0m  [1mSELECT "statuses".* FROM "statuses"[0m
  Rendered statuses/index.html.erb within layouts/application (1.4ms)
Completed 200 OK in 58ms (Views: 57.5ms | ActiveRecord: 0.1ms)


Started GET "/assets/bootstrap.css?body=1" for ::1 at 2015-03-11 15:54:44 +0100


Started GET "/assets/scaffolds.css?body=1" for ::1 at 2015-03-11 15:54:44 +0100


Started GET "/assets/statuses.css?body=1" for ::1 at 2015-03-11 15:54:44 +0100


Started GET "/assets/application.css?body=1" for ::1 at 2015-03-11 15:54:44 +0100


Started GET "/assets/jquery.js?body=1" for ::1 at 2015-03-11 15:54:44 +0100


Started GET "/assets/jquery_ujs.js?body=1" for ::1 at 2015-03-11 15:54:44 +0100


Started GET "/assets/turbolinks.js?body=1" for ::1 at 2015-03-11 15:54:44 +0100


Started GET "/assets/bootstrap.js?body=1" for ::1 at 2015-03-11 15:54:44 +0100


Started GET "/assets/statuses.js?body=1" for ::1 at 2015-03-11 15:54:44 +0100


Started GET "/assets/application.js?body=1" for ::1 at 2015-03-11 15:54:44 +0100


Started GET "/" for ::1 at 2015-03-11 16:02:21 +0100
Processing by StatusesController#index as HTML
  [1m[35mStatus Load (0.3ms)[0m  SELECT "statuses".* FROM "statuses"
  Rendered statuses/index.html.erb within layouts/application (5.2ms)
Completed 200 OK in 70ms (Views: 63.7ms | ActiveRecord: 0.7ms)


Started GET "/assets/scaffolds.css?body=1" for ::1 at 2015-03-11 16:02:21 +0100


Started GET "/assets/statuses.css?body=1" for ::1 at 2015-03-11 16:02:21 +0100


Started GET "/assets/application.css?body=1" for ::1 at 2015-03-11 16:02:21 +0100


Started GET "/assets/bootstrap.css?body=1" for ::1 at 2015-03-11 16:02:21 +0100


Started GET "/assets/jquery.js?body=1" for ::1 at 2015-03-11 16:02:21 +0100


Started GET "/assets/jquery_ujs.js?body=1" for ::1 at 2015-03-11 16:02:21 +0100


Started GET "/assets/turbolinks.js?body=1" for ::1 at 2015-03-11 16:02:21 +0100


Started GET "/assets/bootstrap.js?body=1" for ::1 at 2015-03-11 16:02:21 +0100


Started GET "/assets/statuses.js?body=1" for ::1 at 2015-03-11 16:02:21 +0100


Started GET "/assets/application.js?body=1" for ::1 at 2015-03-11 16:02:21 +0100


Started GET "/users/sign_up" for ::1 at 2015-03-11 16:02:27 +0100
Processing by Devise::RegistrationsController#new as HTML
  [1m[36mUser Load (0.2ms)[0m  [1mSELECT  "users".* FROM "users" WHERE "users"."id" = ?  ORDER BY "users"."id" ASC LIMIT 1[0m  [["id", 1]]
Redirected to http://localhost:3000/
Filter chain halted as :require_no_authentication rendered or redirected
Completed 302 Found in 9ms (ActiveRecord: 0.5ms)


Started GET "/" for ::1 at 2015-03-11 16:02:27 +0100
Processing by StatusesController#index as HTML
  [1m[35mStatus Load (0.2ms)[0m  SELECT "statuses".* FROM "statuses"
  Rendered statuses/index.html.erb within layouts/application (1.4ms)
Completed 200 OK in 56ms (Views: 54.6ms | ActiveRecord: 0.2ms)


Started GET "/assets/scaffolds.css?body=1" for ::1 at 2015-03-11 16:02:28 +0100


Started GET "/assets/bootstrap.css?body=1" for ::1 at 2015-03-11 16:02:28 +0100


Started GET "/assets/statuses.css?body=1" for ::1 at 2015-03-11 16:02:28 +0100


Started GET "/assets/jquery_ujs.js?body=1" for ::1 at 2015-03-11 16:02:28 +0100


Started GET "/assets/jquery.js?body=1" for ::1 at 2015-03-11 16:02:28 +0100


Started GET "/assets/application.css?body=1" for ::1 at 2015-03-11 16:02:28 +0100


Started GET "/assets/turbolinks.js?body=1" for ::1 at 2015-03-11 16:02:28 +0100


Started GET "/assets/bootstrap.js?body=1" for ::1 at 2015-03-11 16:02:28 +0100


Started GET "/assets/application.js?body=1" for ::1 at 2015-03-11 16:02:28 +0100


Started GET "/assets/statuses.js?body=1" for ::1 at 2015-03-11 16:02:28 +0100


Started GET "/" for ::1 at 2015-03-11 16:02:32 +0100
Processing by StatusesController#index as HTML
  [1m[36mStatus Load (0.2ms)[0m  [1mSELECT "statuses".* FROM "statuses"[0m
  Rendered statuses/index.html.erb within layouts/application (1.2ms)
Completed 200 OK in 58ms (Views: 57.6ms | ActiveRecord: 0.2ms)


Started GET "/assets/scaffolds.css?body=1" for ::1 at 2015-03-11 16:02:32 +0100


Started GET "/assets/statuses.css?body=1" for ::1 at 2015-03-11 16:02:32 +0100


Started GET "/assets/application.css?body=1" for ::1 at 2015-03-11 16:02:32 +0100


Started GET "/assets/jquery.js?body=1" for ::1 at 2015-03-11 16:02:32 +0100


Started GET "/assets/bootstrap.css?body=1" for ::1 at 2015-03-11 16:02:32 +0100


Started GET "/assets/jquery_ujs.js?body=1" for ::1 at 2015-03-11 16:02:32 +0100


Started GET "/assets/turbolinks.js?body=1" for ::1 at 2015-03-11 16:02:32 +0100


Started GET "/assets/bootstrap.js?body=1" for ::1 at 2015-03-11 16:02:32 +0100


Started GET "/assets/statuses.js?body=1" for ::1 at 2015-03-11 16:02:32 +0100


Started GET "/assets/application.js?body=1" for ::1 at 2015-03-11 16:02:32 +0100


Started GET "/" for ::1 at 2015-03-11 16:02:44 +0100
Processing by StatusesController#index as HTML
  [1m[35mStatus Load (0.1ms)[0m  SELECT "statuses".* FROM "statuses"
  Rendered statuses/index.html.erb within layouts/application (1.1ms)
Completed 200 OK in 68ms (Views: 67.6ms | ActiveRecord: 0.1ms)


Started GET "/assets/bootstrap.css?body=1" for ::1 at 2015-03-11 16:02:44 +0100


Started GET "/assets/statuses.css?body=1" for ::1 at 2015-03-11 16:02:44 +0100


Started GET "/assets/jquery_ujs.js?body=1" for ::1 at 2015-03-11 16:02:44 +0100


Started GET "/assets/application.css?body=1" for ::1 at 2015-03-11 16:02:44 +0100


Started GET "/assets/scaffolds.css?body=1" for ::1 at 2015-03-11 16:02:44 +0100


Started GET "/assets/jquery.js?body=1" for ::1 at 2015-03-11 16:02:44 +0100


Started GET "/assets/turbolinks.js?body=1" for ::1 at 2015-03-11 16:02:44 +0100


Started GET "/assets/bootstrap.js?body=1" for ::1 at 2015-03-11 16:02:44 +0100


Started GET "/assets/statuses.js?body=1" for ::1 at 2015-03-11 16:02:44 +0100


Started GET "/assets/application.js?body=1" for ::1 at 2015-03-11 16:02:44 +0100


Started GET "/users/sign_up" for ::1 at 2015-03-11 16:02:53 +0100
Processing by Devise::RegistrationsController#new as HTML
  [1m[36mUser Load (0.1ms)[0m  [1mSELECT  "users".* FROM "users" WHERE "users"."id" = ?  ORDER BY "users"."id" ASC LIMIT 1[0m  [["id", 1]]
Redirected to http://localhost:3000/
Filter chain halted as :require_no_authentication rendered or redirected
Completed 302 Found in 2ms (ActiveRecord: 0.1ms)


Started GET "/users/sign_up" for ::1 at 2015-03-11 16:02:53 +0100
Processing by Devise::RegistrationsController#new as HTML
  [1m[35mUser Load (0.1ms)[0m  SELECT  "users".* FROM "users" WHERE "users"."id" = ?  ORDER BY "users"."id" ASC LIMIT 1  [["id", 1]]
Redirected to http://localhost:3000/
Filter chain halted as :require_no_authentication rendered or redirected
Completed 302 Found in 2ms (ActiveRecord: 0.1ms)


Started GET "/" for ::1 at 2015-03-11 16:02:53 +0100
Processing by StatusesController#index as HTML
  [1m[36mStatus Load (0.1ms)[0m  [1mSELECT "statuses".* FROM "statuses"[0m
  Rendered statuses/index.html.erb within layouts/application (1.2ms)
Completed 200 OK in 52ms (Views: 51.5ms | ActiveRecord: 0.1ms)


Started GET "/assets/statuses.css?body=1" for ::1 at 2015-03-11 16:02:53 +0100


Started GET "/assets/scaffolds.css?body=1" for ::1 at 2015-03-11 16:02:53 +0100


Started GET "/assets/bootstrap.css?body=1" for ::1 at 2015-03-11 16:02:53 +0100


Started GET "/assets/jquery_ujs.js?body=1" for ::1 at 2015-03-11 16:02:53 +0100


Started GET "/assets/jquery.js?body=1" for ::1 at 2015-03-11 16:02:53 +0100


Started GET "/assets/application.css?body=1" for ::1 at 2015-03-11 16:02:53 +0100


Started GET "/assets/turbolinks.js?body=1" for ::1 at 2015-03-11 16:02:53 +0100


Started GET "/assets/bootstrap.js?body=1" for ::1 at 2015-03-11 16:02:53 +0100


Started GET "/assets/statuses.js?body=1" for ::1 at 2015-03-11 16:02:53 +0100


Started GET "/assets/application.js?body=1" for ::1 at 2015-03-11 16:02:53 +0100


Started GET "/" for ::1 at 2015-03-11 16:02:55 +0100
Processing by StatusesController#index as HTML
  [1m[35mStatus Load (0.2ms)[0m  SELECT "statuses".* FROM "statuses"
  Rendered statuses/index.html.erb within layouts/application (1.4ms)
Completed 200 OK in 56ms (Views: 55.1ms | ActiveRecord: 0.2ms)


Started GET "/assets/bootstrap.css?body=1" for ::1 at 2015-03-11 16:02:55 +0100


Started GET "/assets/jquery.js?body=1" for ::1 at 2015-03-11 16:02:55 +0100


Started GET "/assets/statuses.css?body=1" for ::1 at 2015-03-11 16:02:55 +0100


Started GET "/assets/jquery_ujs.js?body=1" for ::1 at 2015-03-11 16:02:55 +0100


Started GET "/assets/application.css?body=1" for ::1 at 2015-03-11 16:02:55 +0100


Started GET "/assets/scaffolds.css?body=1" for ::1 at 2015-03-11 16:02:55 +0100


Started GET "/assets/turbolinks.js?body=1" for ::1 at 2015-03-11 16:02:55 +0100


Started GET "/assets/bootstrap.js?body=1" for ::1 at 2015-03-11 16:02:55 +0100


Started GET "/assets/statuses.js?body=1" for ::1 at 2015-03-11 16:02:55 +0100


Started GET "/assets/application.js?body=1" for ::1 at 2015-03-11 16:02:55 +0100


Started GET "/users/sign_up" for ::1 at 2015-03-11 16:03:02 +0100
Processing by Devise::RegistrationsController#new as HTML
  [1m[36mUser Load (0.2ms)[0m  [1mSELECT  "users".* FROM "users" WHERE "users"."id" = ?  ORDER BY "users"."id" ASC LIMIT 1[0m  [["id", 1]]
Redirected to http://localhost:3000/
Filter chain halted as :require_no_authentication rendered or redirected
Completed 302 Found in 2ms (ActiveRecord: 0.2ms)


Started GET "/" for ::1 at 2015-03-11 16:03:02 +0100
Processing by StatusesController#index as HTML
  [1m[35mStatus Load (0.1ms)[0m  SELECT "statuses".* FROM "statuses"
  Rendered statuses/index.html.erb within layouts/application (1.1ms)
Completed 200 OK in 50ms (Views: 49.5ms | ActiveRecord: 0.1ms)


Started GET "/assets/bootstrap.css?body=1" for ::1 at 2015-03-11 16:03:02 +0100


Started GET "/assets/application.css?body=1" for ::1 at 2015-03-11 16:03:02 +0100


Started GET "/assets/turbolinks.js?body=1" for ::1 at 2015-03-11 16:03:02 +0100


Started GET "/assets/jquery.js?body=1" for ::1 at 2015-03-11 16:03:02 +0100


Started GET "/assets/statuses.css?body=1" for ::1 at 2015-03-11 16:03:02 +0100


Started GET "/assets/jquery_ujs.js?body=1" for ::1 at 2015-03-11 16:03:02 +0100


Started GET "/assets/scaffolds.css?body=1" for ::1 at 2015-03-11 16:03:02 +0100


Started GET "/assets/bootstrap.js?body=1" for ::1 at 2015-03-11 16:03:02 +0100


Started GET "/assets/statuses.js?body=1" for ::1 at 2015-03-11 16:03:02 +0100


Started GET "/assets/application.js?body=1" for ::1 at 2015-03-11 16:03:02 +0100


Started GET "/" for ::1 at 2015-03-11 16:08:58 +0100
Processing by StatusesController#index as HTML
  [1m[36mStatus Load (0.1ms)[0m  [1mSELECT "statuses".* FROM "statuses"[0m
  Rendered statuses/index.html.erb within layouts/application (1.1ms)
Completed 200 OK in 56ms (Views: 55.6ms | ActiveRecord: 0.1ms)


Started GET "/assets/bootstrap.css?body=1" for ::1 at 2015-03-11 16:08:58 +0100


Started GET "/assets/statuses.css?body=1" for ::1 at 2015-03-11 16:08:58 +0100


Started GET "/assets/scaffolds.css?body=1" for ::1 at 2015-03-11 16:08:58 +0100


Started GET "/assets/application.css?body=1" for ::1 at 2015-03-11 16:08:58 +0100


Started GET "/assets/jquery.js?body=1" for ::1 at 2015-03-11 16:08:58 +0100


Started GET "/assets/jquery_ujs.js?body=1" for ::1 at 2015-03-11 16:08:58 +0100


Started GET "/assets/turbolinks.js?body=1" for ::1 at 2015-03-11 16:08:58 +0100


Started GET "/assets/bootstrap.js?body=1" for ::1 at 2015-03-11 16:08:58 +0100


Started GET "/assets/statuses.js?body=1" for ::1 at 2015-03-11 16:08:58 +0100


Started GET "/assets/application.js?body=1" for ::1 at 2015-03-11 16:08:58 +0100


Started GET "/users/sign_up" for ::1 at 2015-03-11 16:09:04 +0100
Processing by Devise::RegistrationsController#new as HTML
  [1m[35mUser Load (0.1ms)[0m  SELECT  "users".* FROM "users" WHERE "users"."id" = ?  ORDER BY "users"."id" ASC LIMIT 1  [["id", 1]]
Redirected to http://localhost:3000/
Filter chain halted as :require_no_authentication rendered or redirected
Completed 302 Found in 2ms (ActiveRecord: 0.1ms)


Started GET "/" for ::1 at 2015-03-11 16:09:04 +0100
Processing by StatusesController#index as HTML
  [1m[36mStatus Load (0.2ms)[0m  [1mSELECT "statuses".* FROM "statuses"[0m
  Rendered statuses/index.html.erb within layouts/application (1.8ms)
Completed 200 OK in 55ms (Views: 54.7ms | ActiveRecord: 0.2ms)


Started GET "/assets/bootstrap.css?body=1" for ::1 at 2015-03-11 16:09:04 +0100


Started GET "/assets/jquery.js?body=1" for ::1 at 2015-03-11 16:09:04 +0100


Started GET "/assets/application.css?body=1" for ::1 at 2015-03-11 16:09:04 +0100


Started GET "/assets/jquery_ujs.js?body=1" for ::1 at 2015-03-11 16:09:04 +0100


Started GET "/assets/statuses.css?body=1" for ::1 at 2015-03-11 16:09:04 +0100


Started GET "/assets/scaffolds.css?body=1" for ::1 at 2015-03-11 16:09:04 +0100


Started GET "/assets/bootstrap.js?body=1" for ::1 at 2015-03-11 16:09:04 +0100


Started GET "/assets/turbolinks.js?body=1" for ::1 at 2015-03-11 16:09:04 +0100


Started GET "/assets/statuses.js?body=1" for ::1 at 2015-03-11 16:09:04 +0100


Started GET "/assets/application.js?body=1" for ::1 at 2015-03-11 16:09:04 +0100


Started GET "/" for ::1 at 2015-03-11 16:09:10 +0100
Processing by StatusesController#index as HTML
  [1m[35mStatus Load (0.1ms)[0m  SELECT "statuses".* FROM "statuses"
  Rendered statuses/index.html.erb within layouts/application (1.4ms)
Completed 200 OK in 54ms (Views: 53.4ms | ActiveRecord: 0.1ms)


Started GET "/assets/bootstrap.css?body=1" for ::1 at 2015-03-11 16:09:10 +0100


Started GET "/assets/scaffolds.css?body=1" for ::1 at 2015-03-11 16:09:10 +0100


Started GET "/assets/application.css?body=1" for ::1 at 2015-03-11 16:09:10 +0100


Started GET "/assets/statuses.css?body=1" for ::1 at 2015-03-11 16:09:10 +0100


Started GET "/assets/jquery.js?body=1" for ::1 at 2015-03-11 16:09:10 +0100


Started GET "/assets/jquery_ujs.js?body=1" for ::1 at 2015-03-11 16:09:10 +0100


Started GET "/assets/turbolinks.js?body=1" for ::1 at 2015-03-11 16:09:10 +0100


Started GET "/assets/bootstrap.js?body=1" for ::1 at 2015-03-11 16:09:10 +0100


Started GET "/assets/statuses.js?body=1" for ::1 at 2015-03-11 16:09:10 +0100


Started GET "/assets/application.js?body=1" for ::1 at 2015-03-11 16:09:10 +0100


Started GET "/statuses" for ::1 at 2015-03-11 16:09:16 +0100
Processing by StatusesController#index as HTML
  [1m[36mStatus Load (0.1ms)[0m  [1mSELECT "statuses".* FROM "statuses"[0m
  Rendered statuses/index.html.erb within layouts/application (1.0ms)
Completed 200 OK in 53ms (Views: 52.6ms | ActiveRecord: 0.1ms)


Started GET "/statuses" for ::1 at 2015-03-11 16:09:19 +0100
Processing by StatusesController#index as HTML
  [1m[35mStatus Load (0.1ms)[0m  SELECT "statuses".* FROM "statuses"
  Rendered statuses/index.html.erb within layouts/application (1.2ms)
Completed 200 OK in 48ms (Views: 47.0ms | ActiveRecord: 0.1ms)


Started GET "/statuses/users/sign_up" for ::1 at 2015-03-11 16:09:25 +0100

ActionController::RoutingError (No route matches [GET] "/statuses/users/sign_up"):
  actionpack (4.2.0) lib/action_dispatch/middleware/debug_exceptions.rb:21:in `call'
  actionpack (4.2.0) lib/action_dispatch/middleware/show_exceptions.rb:30:in `call'
  railties (4.2.0) lib/rails/rack/logger.rb:38:in `call_app'
  railties (4.2.0) lib/rails/rack/logger.rb:20:in `block in call'
  activesupport (4.2.0) lib/active_support/tagged_logging.rb:68:in `block in tagged'
  activesupport (4.2.0) lib/active_support/tagged_logging.rb:26:in `tagged'
  activesupport (4.2.0) lib/active_support/tagged_logging.rb:68:in `tagged'
  railties (4.2.0) lib/rails/rack/logger.rb:20:in `call'
  actionpack (4.2.0) lib/action_dispatch/middleware/request_id.rb:21:in `call'
  rack (1.6.0) lib/rack/methodoverride.rb:22:in `call'
  rack (1.6.0) lib/rack/runtime.rb:18:in `call'
  activesupport (4.2.0) lib/active_support/cache/strategy/local_cache_middleware.rb:28:in `call'
  rack (1.6.0) lib/rack/lock.rb:17:in `call'
  actionpack (4.2.0) lib/action_dispatch/middleware/static.rb:113:in `call'
  rack (1.6.0) lib/rack/sendfile.rb:113:in `call'
  railties (4.2.0) lib/rails/engine.rb:518:in `call'
  railties (4.2.0) lib/rails/application.rb:164:in `call'
  rack (1.6.0) lib/rack/lock.rb:17:in `call'
  rack (1.6.0) lib/rack/content_length.rb:15:in `call'
  rack (1.6.0) lib/rack/handler/webrick.rb:89:in `service'
  /Users/admin/.rvm/rubies/ruby-2.1.2/lib/ruby/2.1.0/webrick/httpserver.rb:138:in `service'
  /Users/admin/.rvm/rubies/ruby-2.1.2/lib/ruby/2.1.0/webrick/httpserver.rb:94:in `run'
  /Users/admin/.rvm/rubies/ruby-2.1.2/lib/ruby/2.1.0/webrick/server.rb:295:in `block in start_thread'


  Rendered /Users/admin/.rvm/gems/ruby-2.1.2/gems/actionpack-4.2.0/lib/action_dispatch/middleware/templates/rescues/_trace.html.erb (1.5ms)
  Rendered /Users/admin/.rvm/gems/ruby-2.1.2/gems/actionpack-4.2.0/lib/action_dispatch/middleware/templates/routes/_route.html.erb (1.4ms)
  Rendered /Users/admin/.rvm/gems/ruby-2.1.2/gems/actionpack-4.2.0/lib/action_dispatch/middleware/templates/routes/_table.html.erb (1.1ms)
  Rendered /Users/admin/.rvm/gems/ruby-2.1.2/gems/actionpack-4.2.0/lib/action_dispatch/middleware/templates/rescues/_request_and_response.html.erb (1.0ms)
  Rendered /Users/admin/.rvm/gems/ruby-2.1.2/gems/actionpack-4.2.0/lib/action_dispatch/middleware/templates/rescues/routing_error.html.erb within rescues/layout (25.2ms)


Started GET "/users/sign_up" for ::1 at 2015-03-11 16:09:31 +0100
Processing by Devise::RegistrationsController#new as HTML
  [1m[36mUser Load (0.1ms)[0m  [1mSELECT  "users".* FROM "users" WHERE "users"."id" = ?  ORDER BY "users"."id" ASC LIMIT 1[0m  [["id", 1]]
Redirected to http://localhost:3000/
Filter chain halted as :require_no_authentication rendered or redirected
Completed 302 Found in 2ms (ActiveRecord: 0.1ms)


Started GET "/" for ::1 at 2015-03-11 16:09:31 +0100
Processing by StatusesController#index as HTML
  [1m[35mStatus Load (0.1ms)[0m  SELECT "statuses".* FROM "statuses"
  Rendered statuses/index.html.erb within layouts/application (1.2ms)
Completed 200 OK in 54ms (Views: 53.6ms | ActiveRecord: 0.1ms)


Started GET "/assets/scaffolds.css?body=1" for ::1 at 2015-03-11 16:09:31 +0100


Started GET "/assets/application.css?body=1" for ::1 at 2015-03-11 16:09:31 +0100


Started GET "/assets/jquery.js?body=1" for ::1 at 2015-03-11 16:09:31 +0100


Started GET "/assets/bootstrap.css?body=1" for ::1 at 2015-03-11 16:09:31 +0100


Started GET "/assets/statuses.css?body=1" for ::1 at 2015-03-11 16:09:31 +0100


Started GET "/assets/jquery_ujs.js?body=1" for ::1 at 2015-03-11 16:09:31 +0100


Started GET "/assets/turbolinks.js?body=1" for ::1 at 2015-03-11 16:09:31 +0100


Started GET "/assets/bootstrap.js?body=1" for ::1 at 2015-03-11 16:09:31 +0100


Started GET "/assets/statuses.js?body=1" for ::1 at 2015-03-11 16:09:31 +0100


Started GET "/assets/application.js?body=1" for ::1 at 2015-03-11 16:09:31 +0100


Started GET "/users/sign_up" for ::1 at 2015-03-11 16:10:03 +0100
  [1m[36mActiveRecord::SchemaMigration Load (0.1ms)[0m  [1mSELECT "schema_migrations".* FROM "schema_migrations"[0m
Processing by Devise::RegistrationsController#new as HTML
  [1m[35mUser Load (0.2ms)[0m  SELECT  "users".* FROM "users" WHERE "users"."id" = ?  ORDER BY "users"."id" ASC LIMIT 1  [["id", 1]]
Redirected to http://localhost:3000/
Filter chain halted as :require_no_authentication rendered or redirected
Completed 302 Found in 30ms (ActiveRecord: 0.6ms)


Started GET "/" for ::1 at 2015-03-11 16:10:03 +0100
Processing by StatusesController#index as HTML
  [1m[36mStatus Load (0.2ms)[0m  [1mSELECT "statuses".* FROM "statuses"[0m
  Rendered statuses/index.html.erb within layouts/application (10.1ms)
Completed 200 OK in 114ms (Views: 111.5ms | ActiveRecord: 0.5ms)


Started GET "/assets/bootstrap.css?body=1" for ::1 at 2015-03-11 16:10:03 +0100


Started GET "/assets/scaffolds.css?body=1" for ::1 at 2015-03-11 16:10:03 +0100


Started GET "/assets/statuses.css?body=1" for ::1 at 2015-03-11 16:10:03 +0100


Started GET "/assets/jquery_ujs.js?body=1" for ::1 at 2015-03-11 16:10:03 +0100


Started GET "/assets/jquery.js?body=1" for ::1 at 2015-03-11 16:10:03 +0100


Started GET "/assets/application.css?body=1" for ::1 at 2015-03-11 16:10:03 +0100


Started GET "/assets/turbolinks.js?body=1" for ::1 at 2015-03-11 16:10:03 +0100


Started GET "/assets/bootstrap.js?body=1" for ::1 at 2015-03-11 16:10:03 +0100


Started GET "/assets/statuses.js?body=1" for ::1 at 2015-03-11 16:10:03 +0100


Started GET "/assets/application.js?body=1" for ::1 at 2015-03-11 16:10:03 +0100


Started GET "/" for ::1 at 2015-03-11 16:10:07 +0100
Processing by StatusesController#index as HTML
  [1m[35mStatus Load (0.2ms)[0m  SELECT "statuses".* FROM "statuses"
  Rendered statuses/index.html.erb within layouts/application (1.6ms)
Completed 200 OK in 59ms (Views: 58.5ms | ActiveRecord: 0.2ms)


Started GET "/assets/bootstrap.css?body=1" for ::1 at 2015-03-11 16:10:07 +0100


Started GET "/assets/statuses.css?body=1" for ::1 at 2015-03-11 16:10:07 +0100


Started GET "/assets/jquery_ujs.js?body=1" for ::1 at 2015-03-11 16:10:07 +0100


Started GET "/assets/scaffolds.css?body=1" for ::1 at 2015-03-11 16:10:07 +0100


Started GET "/assets/jquery.js?body=1" for ::1 at 2015-03-11 16:10:07 +0100


Started GET "/assets/application.css?body=1" for ::1 at 2015-03-11 16:10:07 +0100


Started GET "/assets/turbolinks.js?body=1" for ::1 at 2015-03-11 16:10:07 +0100


Started GET "/assets/statuses.js?body=1" for ::1 at 2015-03-11 16:10:07 +0100


Started GET "/assets/bootstrap.js?body=1" for ::1 at 2015-03-11 16:10:07 +0100


Started GET "/assets/application.js?body=1" for ::1 at 2015-03-11 16:10:07 +0100


Started GET "/users" for ::1 at 2015-03-11 16:10:14 +0100

ActionController::RoutingError (No route matches [GET] "/users"):
  actionpack (4.2.0) lib/action_dispatch/middleware/debug_exceptions.rb:21:in `call'
  actionpack (4.2.0) lib/action_dispatch/middleware/show_exceptions.rb:30:in `call'
  railties (4.2.0) lib/rails/rack/logger.rb:38:in `call_app'
  railties (4.2.0) lib/rails/rack/logger.rb:20:in `block in call'
  activesupport (4.2.0) lib/active_support/tagged_logging.rb:68:in `block in tagged'
  activesupport (4.2.0) lib/active_support/tagged_logging.rb:26:in `tagged'
  activesupport (4.2.0) lib/active_support/tagged_logging.rb:68:in `tagged'
  railties (4.2.0) lib/rails/rack/logger.rb:20:in `call'
  actionpack (4.2.0) lib/action_dispatch/middleware/request_id.rb:21:in `call'
  rack (1.6.0) lib/rack/methodoverride.rb:22:in `call'
  rack (1.6.0) lib/rack/runtime.rb:18:in `call'
  activesupport (4.2.0) lib/active_support/cache/strategy/local_cache_middleware.rb:28:in `call'
  rack (1.6.0) lib/rack/lock.rb:17:in `call'
  actionpack (4.2.0) lib/action_dispatch/middleware/static.rb:113:in `call'
  rack (1.6.0) lib/rack/sendfile.rb:113:in `call'
  railties (4.2.0) lib/rails/engine.rb:518:in `call'
  railties (4.2.0) lib/rails/application.rb:164:in `call'
  rack (1.6.0) lib/rack/lock.rb:17:in `call'
  rack (1.6.0) lib/rack/content_length.rb:15:in `call'
  rack (1.6.0) lib/rack/handler/webrick.rb:89:in `service'
  /Users/admin/.rvm/rubies/ruby-2.1.2/lib/ruby/2.1.0/webrick/httpserver.rb:138:in `service'
  /Users/admin/.rvm/rubies/ruby-2.1.2/lib/ruby/2.1.0/webrick/httpserver.rb:94:in `run'
  /Users/admin/.rvm/rubies/ruby-2.1.2/lib/ruby/2.1.0/webrick/server.rb:295:in `block in start_thread'


  Rendered /Users/admin/.rvm/gems/ruby-2.1.2/gems/actionpack-4.2.0/lib/action_dispatch/middleware/templates/rescues/_trace.html.erb (1.5ms)
  Rendered /Users/admin/.rvm/gems/ruby-2.1.2/gems/actionpack-4.2.0/lib/action_dispatch/middleware/templates/routes/_route.html.erb (1.6ms)
  Rendered /Users/admin/.rvm/gems/ruby-2.1.2/gems/actionpack-4.2.0/lib/action_dispatch/middleware/templates/routes/_table.html.erb (5.8ms)
  Rendered /Users/admin/.rvm/gems/ruby-2.1.2/gems/actionpack-4.2.0/lib/action_dispatch/middleware/templates/rescues/_request_and_response.html.erb (1.2ms)
  Rendered /Users/admin/.rvm/gems/ruby-2.1.2/gems/actionpack-4.2.0/lib/action_dispatch/middleware/templates/rescues/routing_error.html.erb within rescues/layout (33.6ms)


Started GET "/users/sign_up" for ::1 at 2015-03-11 16:10:20 +0100
Processing by Devise::RegistrationsController#new as HTML
  [1m[36mUser Load (0.1ms)[0m  [1mSELECT  "users".* FROM "users" WHERE "users"."id" = ?  ORDER BY "users"."id" ASC LIMIT 1[0m  [["id", 1]]
Redirected to http://localhost:3000/
Filter chain halted as :require_no_authentication rendered or redirected
Completed 302 Found in 5ms (ActiveRecord: 0.1ms)


Started GET "/" for ::1 at 2015-03-11 16:10:20 +0100
Processing by StatusesController#index as HTML
  [1m[35mStatus Load (0.2ms)[0m  SELECT "statuses".* FROM "statuses"
  Rendered statuses/index.html.erb within layouts/application (1.5ms)
Completed 200 OK in 54ms (Views: 53.4ms | ActiveRecord: 0.2ms)


Started GET "/assets/statuses.css?body=1" for ::1 at 2015-03-11 16:10:20 +0100


Started GET "/assets/bootstrap.css?body=1" for ::1 at 2015-03-11 16:10:20 +0100


Started GET "/assets/scaffolds.css?body=1" for ::1 at 2015-03-11 16:10:20 +0100


Started GET "/assets/application.css?body=1" for ::1 at 2015-03-11 16:10:20 +0100


Started GET "/assets/jquery.js?body=1" for ::1 at 2015-03-11 16:10:20 +0100


Started GET "/assets/jquery_ujs.js?body=1" for ::1 at 2015-03-11 16:10:20 +0100


Started GET "/assets/turbolinks.js?body=1" for ::1 at 2015-03-11 16:10:20 +0100


Started GET "/assets/bootstrap.js?body=1" for ::1 at 2015-03-11 16:10:20 +0100


Started GET "/assets/statuses.js?body=1" for ::1 at 2015-03-11 16:10:20 +0100


Started GET "/assets/application.js?body=1" for ::1 at 2015-03-11 16:10:20 +0100


Started GET "/" for ::1 at 2015-03-11 16:11:44 +0100
Processing by StatusesController#index as HTML
  [1m[36mStatus Load (0.2ms)[0m  [1mSELECT "statuses".* FROM "statuses"[0m
  Rendered statuses/index.html.erb within layouts/application (1.5ms)
Completed 200 OK in 51ms (Views: 49.8ms | ActiveRecord: 0.2ms)


Started GET "/assets/bootstrap.css?body=1" for ::1 at 2015-03-11 16:11:44 +0100


Started GET "/assets/jquery_ujs.js?body=1" for ::1 at 2015-03-11 16:11:44 +0100


Started GET "/assets/jquery.js?body=1" for ::1 at 2015-03-11 16:11:44 +0100


Started GET "/assets/scaffolds.css?body=1" for ::1 at 2015-03-11 16:11:44 +0100


Started GET "/assets/application.css?body=1" for ::1 at 2015-03-11 16:11:44 +0100


Started GET "/assets/statuses.css?body=1" for ::1 at 2015-03-11 16:11:44 +0100


Started GET "/assets/turbolinks.js?body=1" for ::1 at 2015-03-11 16:11:44 +0100


Started GET "/assets/bootstrap.js?body=1" for ::1 at 2015-03-11 16:11:44 +0100


Started GET "/assets/statuses.js?body=1" for ::1 at 2015-03-11 16:11:44 +0100


Started GET "/assets/application.js?body=1" for ::1 at 2015-03-11 16:11:44 +0100


Started GET "/users/sign_up" for ::1 at 2015-03-11 16:11:49 +0100
Processing by Devise::RegistrationsController#new as HTML
  [1m[35mUser Load (0.1ms)[0m  SELECT  "users".* FROM "users" WHERE "users"."id" = ?  ORDER BY "users"."id" ASC LIMIT 1  [["id", 1]]
  Rendered devise/shared/_links.html.erb (5.7ms)
  Rendered devise/registrations/new.html.erb within layouts/application (21.4ms)
Completed 200 OK in 87ms (Views: 80.1ms | ActiveRecord: 0.1ms)


Started GET "/assets/bootstrap.css?body=1" for ::1 at 2015-03-11 16:11:49 +0100


Started GET "/assets/scaffolds.css?body=1" for ::1 at 2015-03-11 16:11:49 +0100


Started GET "/assets/jquery_ujs.js?body=1" for ::1 at 2015-03-11 16:11:49 +0100


Started GET "/assets/statuses.css?body=1" for ::1 at 2015-03-11 16:11:49 +0100


Started GET "/assets/application.css?body=1" for ::1 at 2015-03-11 16:11:49 +0100


Started GET "/assets/jquery.js?body=1" for ::1 at 2015-03-11 16:11:49 +0100


Started GET "/assets/turbolinks.js?body=1" for ::1 at 2015-03-11 16:11:49 +0100


Started GET "/assets/bootstrap.js?body=1" for ::1 at 2015-03-11 16:11:49 +0100


Started GET "/assets/statuses.js?body=1" for ::1 at 2015-03-11 16:11:49 +0100


Started GET "/assets/application.js?body=1" for ::1 at 2015-03-11 16:11:49 +0100


Started POST "/users" for ::1 at 2015-03-11 16:12:06 +0100
Processing by Devise::RegistrationsController#create as HTML
  Parameters: {"utf8"=>"✓", "authenticity_token"=>"pwgk79nqc07jHgGZcZdCKfD0CIDRd2svzdyB4JZiHGfb+BpqMeBf+5ML/r58R/3LQheHtnSQDQEF8VK0g5jxbA==", "user"=>{"first_name"=>"Luis", "last_name"=>"Baliño", "profile_name"=>"prueba", "email"=>"kilinkala@gmail.com", "password"=>"[FILTERED]", "password_confirmation"=>"[FILTERED]"}, "commit"=>"Sign up"}
Unpermitted parameter: profile_name
  [1m[36m (0.1ms)[0m  [1mbegin transaction[0m
  [1m[35mUser Exists (0.2ms)[0m  SELECT  1 AS one FROM "users" WHERE "users"."email" = 'kilinkala@gmail.com' LIMIT 1
  [1m[36mSQL (0.4ms)[0m  [1mINSERT INTO "users" ("email", "encrypted_password", "first_name", "last_name", "created_at", "updated_at") VALUES (?, ?, ?, ?, ?, ?)[0m  [["email", "kilinkala@gmail.com"], ["encrypted_password", "$2a$10$qt0kHw42H7NbwnLaCUtJbeQXiXCDSpNg44tJ2X4ifpniar4PRbQR."], ["first_name", "Luis"], ["last_name", "Baliño"], ["created_at", "2015-03-11 15:12:07.020279"], ["updated_at", "2015-03-11 15:12:07.020279"]]
  [1m[35m (1.3ms)[0m  commit transaction
  [1m[36m (0.1ms)[0m  [1mbegin transaction[0m
  [1m[35mSQL (0.3ms)[0m  UPDATE "users" SET "last_sign_in_at" = ?, "current_sign_in_at" = ?, "last_sign_in_ip" = ?, "current_sign_in_ip" = ?, "sign_in_count" = ?, "updated_at" = ? WHERE "users"."id" = ?  [["last_sign_in_at", "2015-03-11 15:12:07.024141"], ["current_sign_in_at", "2015-03-11 15:12:07.024141"], ["last_sign_in_ip", "::1"], ["current_sign_in_ip", "::1"], ["sign_in_count", 1], ["updated_at", "2015-03-11 15:12:07.025470"], ["id", 2]]
  [1m[36m (0.7ms)[0m  [1mcommit transaction[0m
Redirected to http://localhost:3000/
Completed 302 Found in 102ms (ActiveRecord: 3.1ms)


Started GET "/" for ::1 at 2015-03-11 16:12:07 +0100
Processing by StatusesController#index as HTML
  [1m[35mStatus Load (0.1ms)[0m  SELECT "statuses".* FROM "statuses"
  Rendered statuses/index.html.erb within layouts/application (1.7ms)
Completed 200 OK in 54ms (Views: 53.3ms | ActiveRecord: 0.1ms)


Started GET "/assets/scaffolds.css?body=1" for ::1 at 2015-03-11 16:12:07 +0100


Started GET "/assets/bootstrap.css?body=1" for ::1 at 2015-03-11 16:12:07 +0100


Started GET "/assets/statuses.css?body=1" for ::1 at 2015-03-11 16:12:07 +0100


Started GET "/assets/application.css?body=1" for ::1 at 2015-03-11 16:12:07 +0100


Started GET "/assets/jquery.js?body=1" for ::1 at 2015-03-11 16:12:07 +0100


Started GET "/assets/jquery_ujs.js?body=1" for ::1 at 2015-03-11 16:12:07 +0100


Started GET "/assets/turbolinks.js?body=1" for ::1 at 2015-03-11 16:12:07 +0100


Started GET "/assets/bootstrap.js?body=1" for ::1 at 2015-03-11 16:12:07 +0100


Started GET "/assets/statuses.js?body=1" for ::1 at 2015-03-11 16:12:07 +0100


Started GET "/assets/application.js?body=1" for ::1 at 2015-03-11 16:12:07 +0100


Started GET "/" for ::1 at 2015-03-11 16:13:43 +0100
Processing by StatusesController#index as HTML
  [1m[36mStatus Load (0.3ms)[0m  [1mSELECT "statuses".* FROM "statuses"[0m
  Rendered statuses/index.html.erb within layouts/application (4.3ms)
Completed 200 OK in 60ms (Views: 53.3ms | ActiveRecord: 0.6ms)


Started GET "/assets/scaffolds.css?body=1" for ::1 at 2015-03-11 16:13:43 +0100


Started GET "/assets/application.css?body=1" for ::1 at 2015-03-11 16:13:43 +0100


Started GET "/assets/jquery_ujs.js?body=1" for ::1 at 2015-03-11 16:13:43 +0100


Started GET "/assets/bootstrap.css?body=1" for ::1 at 2015-03-11 16:13:43 +0100


Started GET "/assets/statuses.css?body=1" for ::1 at 2015-03-11 16:13:44 +0100


Started GET "/assets/jquery.js?body=1" for ::1 at 2015-03-11 16:13:44 +0100


Started GET "/assets/turbolinks.js?body=1" for ::1 at 2015-03-11 16:13:44 +0100


Started GET "/assets/bootstrap.js?body=1" for ::1 at 2015-03-11 16:13:44 +0100


Started GET "/assets/statuses.js?body=1" for ::1 at 2015-03-11 16:13:44 +0100


Started GET "/assets/application.js?body=1" for ::1 at 2015-03-11 16:13:44 +0100


Started GET "/users/sign_up" for ::1 at 2015-03-11 16:13:49 +0100
Processing by Devise::RegistrationsController#new as HTML
  [1m[35mUser Load (0.2ms)[0m  SELECT  "users".* FROM "users" WHERE "users"."id" = ?  ORDER BY "users"."id" ASC LIMIT 1  [["id", 2]]
  Rendered devise/shared/_links.html.erb (2.8ms)
  Rendered devise/registrations/new.html.erb within layouts/application (9.3ms)
Completed 200 OK in 87ms (Views: 73.6ms | ActiveRecord: 1.0ms)


Started GET "/assets/bootstrap.css?body=1" for ::1 at 2015-03-11 16:13:50 +0100


Started GET "/assets/jquery_ujs.js?body=1" for ::1 at 2015-03-11 16:13:50 +0100


Started GET "/assets/application.css?body=1" for ::1 at 2015-03-11 16:13:50 +0100


Started GET "/assets/scaffolds.css?body=1" for ::1 at 2015-03-11 16:13:50 +0100


Started GET "/assets/statuses.css?body=1" for ::1 at 2015-03-11 16:13:50 +0100


Started GET "/assets/jquery.js?body=1" for ::1 at 2015-03-11 16:13:50 +0100


Started GET "/assets/turbolinks.js?body=1" for ::1 at 2015-03-11 16:13:50 +0100


Started GET "/assets/bootstrap.js?body=1" for ::1 at 2015-03-11 16:13:50 +0100


Started GET "/assets/statuses.js?body=1" for ::1 at 2015-03-11 16:13:50 +0100


Started GET "/assets/application.js?body=1" for ::1 at 2015-03-11 16:13:50 +0100


Started POST "/users" for ::1 at 2015-03-11 16:14:12 +0100
Processing by Devise::RegistrationsController#create as HTML
  Parameters: {"utf8"=>"✓", "authenticity_token"=>"Wt/LudhqmBH2ULLdGTrxWwZXIxGYdUl0zwyEDvPFSI4mL/U8MGC0pIZFTfoU6k65tLSsJz2SL1oHIVda5j+lhQ==", "user"=>{"first_name"=>"Luis", "last_name"=>"Baliño", "profile_name"=>"prueba", "email"=>"kilinkala@gmail.com", "password"=>"[FILTERED]", "password_confirmation"=>"[FILTERED]"}, "commit"=>"Sign up"}
  [1m[36m (0.1ms)[0m  [1mbegin transaction[0m
  [1m[35mUser Exists (0.2ms)[0m  SELECT  1 AS one FROM "users" WHERE "users"."email" = 'kilinkala@gmail.com' LIMIT 1
  [1m[36mSQL (0.4ms)[0m  [1mINSERT INTO "users" ("email", "encrypted_password", "first_name", "last_name", "profile_name", "created_at", "updated_at") VALUES (?, ?, ?, ?, ?, ?, ?)[0m  [["email", "kilinkala@gmail.com"], ["encrypted_password", "$2a$10$gs54PH3JMjOkErUbM/jGduJiFic9VqzzQ/MQ5aPb2dAOSyTC2W.FG"], ["first_name", "Luis"], ["last_name", "Baliño"], ["profile_name", "prueba"], ["created_at", "2015-03-11 15:14:12.849694"], ["updated_at", "2015-03-11 15:14:12.849694"]]
  [1m[35m (0.8ms)[0m  commit transaction
  [1m[36m (0.0ms)[0m  [1mbegin transaction[0m
  [1m[35mSQL (0.3ms)[0m  UPDATE "users" SET "last_sign_in_at" = ?, "current_sign_in_at" = ?, "last_sign_in_ip" = ?, "current_sign_in_ip" = ?, "sign_in_count" = ?, "updated_at" = ? WHERE "users"."id" = ?  [["last_sign_in_at", "2015-03-11 15:14:12.852755"], ["current_sign_in_at", "2015-03-11 15:14:12.852755"], ["last_sign_in_ip", "::1"], ["current_sign_in_ip", "::1"], ["sign_in_count", 1], ["updated_at", "2015-03-11 15:14:12.853633"], ["id", 3]]
  [1m[36m (0.6ms)[0m  [1mcommit transaction[0m
Redirected to http://localhost:3000/
Completed 302 Found in 89ms (ActiveRecord: 2.3ms)


Started GET "/" for ::1 at 2015-03-11 16:14:12 +0100
Processing by StatusesController#index as HTML
  [1m[35mStatus Load (0.1ms)[0m  SELECT "statuses".* FROM "statuses"
  Rendered statuses/index.html.erb within layouts/application (1.2ms)
Completed 200 OK in 51ms (Views: 50.0ms | ActiveRecord: 0.1ms)


Started GET "/assets/scaffolds.css?body=1" for ::1 at 2015-03-11 16:14:12 +0100


Started GET "/assets/jquery.js?body=1" for ::1 at 2015-03-11 16:14:12 +0100


Started GET "/assets/bootstrap.css?body=1" for ::1 at 2015-03-11 16:14:12 +0100


Started GET "/assets/application.css?body=1" for ::1 at 2015-03-11 16:14:12 +0100


Started GET "/assets/jquery_ujs.js?body=1" for ::1 at 2015-03-11 16:14:12 +0100


Started GET "/assets/statuses.css?body=1" for ::1 at 2015-03-11 16:14:13 +0100


Started GET "/assets/turbolinks.js?body=1" for ::1 at 2015-03-11 16:14:13 +0100


Started GET "/assets/bootstrap.js?body=1" for ::1 at 2015-03-11 16:14:13 +0100


Started GET "/assets/statuses.js?body=1" for ::1 at 2015-03-11 16:14:13 +0100


Started GET "/assets/application.js?body=1" for ::1 at 2015-03-11 16:14:13 +0100
  [1m[36mActiveRecord::SchemaMigration Load (0.2ms)[0m  [1mSELECT "schema_migrations".* FROM "schema_migrations"[0m
Migrating to AddUserIdToSatatuses (20150311152807)
  [1m[35m (0.2ms)[0m  begin transaction
  [1m[36m (0.4ms)[0m  [1mALTER TABLE "statuses" ADD "user_id" integer[0m
  [1m[35m (0.1ms)[0m  select sqlite_version(*)
  [1m[36m (0.6ms)[0m  [1mCREATE  INDEX "index_statuses_on_user_id" ON "statuses" ("user_id")[0m
  [1m[35m (1.1ms)[0m  CREATE TEMPORARY TABLE "astatuses" ("id" INTEGER PRIMARY KEY AUTOINCREMENT NOT NULL, "name" varchar, "content" text, "created_at" datetime, "updated_at" datetime, "user_id" integer) 
  [1m[36m (0.2ms)[0m  [1m            SELECT sql
            FROM sqlite_master
            WHERE name='index_statuses_on_user_id' AND type='index'
            UNION ALL
            SELECT sql
            FROM sqlite_temp_master
            WHERE name='index_statuses_on_user_id' AND type='index'
[0m
  [1m[35m (0.1ms)[0m  CREATE  INDEX "tindex_astatuses_on_user_id" ON "astatuses" ("user_id")
  [1m[36m (0.1ms)[0m  [1mSELECT * FROM "statuses"[0m
  [1m[35m (0.2ms)[0m  INSERT INTO "astatuses" ("id","name","content","created_at","updated_at","user_id") VALUES (1, 'Luis', 'un nuevo estado', '2015-03-11 14:53:47.465672', '2015-03-11 14:53:47.465672', NULL)
  [1m[36m (0.4ms)[0m  [1mDROP TABLE "statuses"[0m
  [1m[35m (0.1ms)[0m  CREATE TABLE "statuses" ("id" INTEGER PRIMARY KEY AUTOINCREMENT NOT NULL, "content" text, "created_at" datetime, "updated_at" datetime, "user_id" integer) 
  [1m[36m (0.1ms)[0m  [1m            SELECT sql
            FROM sqlite_master
            WHERE name='tindex_astatuses_on_user_id' AND type='index'
            UNION ALL
            SELECT sql
            FROM sqlite_temp_master
            WHERE name='tindex_astatuses_on_user_id' AND type='index'
[0m
  [1m[35m (0.1ms)[0m  CREATE  INDEX "index_statuses_on_user_id" ON "statuses" ("user_id")
  [1m[36m (0.1ms)[0m  [1mSELECT * FROM "astatuses"[0m
  [1m[35m (0.0ms)[0m  INSERT INTO "statuses" ("id","content","created_at","updated_at","user_id") VALUES (1, 'un nuevo estado', '2015-03-11 14:53:47.465672', '2015-03-11 14:53:47.465672', NULL)
  [1m[36m (0.2ms)[0m  [1mDROP TABLE "astatuses"[0m
  [1m[35mSQL (2.7ms)[0m  INSERT INTO "schema_migrations" ("version") VALUES (?)  [["version", "20150311152807"]]
  [1m[36m (2.4ms)[0m  [1mcommit transaction[0m
  [1m[35mActiveRecord::SchemaMigration Load (0.1ms)[0m  SELECT "schema_migrations".* FROM "schema_migrations"
  [1m[36m (0.9ms)[0m  [1m            SELECT sql
            FROM sqlite_master
            WHERE name='index_statuses_on_user_id' AND type='index'
            UNION ALL
            SELECT sql
            FROM sqlite_temp_master
            WHERE name='index_statuses_on_user_id' AND type='index'
[0m
  [1m[35m (0.3ms)[0m              SELECT sql
            FROM sqlite_master
            WHERE name='index_users_on_reset_password_token' AND type='index'
            UNION ALL
            SELECT sql
            FROM sqlite_temp_master
            WHERE name='index_users_on_reset_password_token' AND type='index'

  [1m[36m (1.0ms)[0m  [1m            SELECT sql
            FROM sqlite_master
            WHERE name='index_users_on_email' AND type='index'
            UNION ALL
            SELECT sql
            FROM sqlite_temp_master
            WHERE name='index_users_on_email' AND type='index'
[0m


Started GET "/" for ::1 at 2015-03-11 16:31:37 +0100
  [1m[36mActiveRecord::SchemaMigration Load (0.2ms)[0m  [1mSELECT "schema_migrations".* FROM "schema_migrations"[0m
Processing by StatusesController#index as HTML
  [1m[35mStatus Load (0.2ms)[0m  SELECT "statuses".* FROM "statuses"
  Rendered statuses/index.html.erb within layouts/application (1.3ms)
Completed 200 OK in 59ms (Views: 53.1ms | ActiveRecord: 0.3ms)


Started GET "/assets/statuses.css?body=1" for ::1 at 2015-03-11 16:31:38 +0100


Started GET "/assets/bootstrap.css?body=1" for ::1 at 2015-03-11 16:31:38 +0100


Started GET "/assets/jquery.js?body=1" for ::1 at 2015-03-11 16:31:38 +0100


Started GET "/assets/jquery_ujs.js?body=1" for ::1 at 2015-03-11 16:31:38 +0100


Started GET "/assets/scaffolds.css?body=1" for ::1 at 2015-03-11 16:31:38 +0100


Started GET "/assets/application.css?body=1" for ::1 at 2015-03-11 16:31:38 +0100


Started GET "/assets/turbolinks.js?body=1" for ::1 at 2015-03-11 16:31:38 +0100


Started GET "/assets/statuses.js?body=1" for ::1 at 2015-03-11 16:31:38 +0100


Started GET "/assets/application.js?body=1" for ::1 at 2015-03-11 16:31:38 +0100


Started GET "/assets/bootstrap.js?body=1" for ::1 at 2015-03-11 16:31:38 +0100
